This is pdfTeX, Version 3.14159265-2.6-1.40.20 (TeX Live 2019/Debian) (preloaded format=pdflatex 2023.7.1)  3 JUL 2023 16:13
entering extended mode
 restricted \write18 enabled.
 %&-line parsing enabled.
**Draft.tex
(./Draft.tex
LaTeX2e <2020-02-02> patch level 2
L3 programming layer <2020-02-14>
(/usr/share/texlive/texmf-dist/tex/latex/base/article.cls
Document Class: article 2019/12/20 v1.4l Standard LaTeX document class
(/usr/share/texlive/texmf-dist/tex/latex/base/size11.clo
File: size11.clo 2019/12/20 v1.4l Standard LaTeX file (size option)
)
\c@part=\count167
\c@section=\count168
\c@subsection=\count169
\c@subsubsection=\count170
\c@paragraph=\count171
\c@subparagraph=\count172
\c@figure=\count173
\c@table=\count174
\abovecaptionskip=\skip47
\belowcaptionskip=\skip48
\bibindent=\dimen134
)
(/usr/share/texlive/texmf-dist/tex/latex/base/inputenc.sty
Package: inputenc 2018/08/11 v1.3c Input encoding file
\inpenc@prehook=\toks14
\inpenc@posthook=\toks15
)
(/usr/share/texlive/texmf-dist/tex/latex/geometry/geometry.sty
Package: geometry 2020/01/02 v5.9 Page Geometry

(/usr/share/texlive/texmf-dist/tex/latex/graphics/keyval.sty
Package: keyval 2014/10/28 v1.15 key=value parser (DPC)
\KV@toks@=\toks16
)
(/usr/share/texlive/texmf-dist/tex/generic/iftex/ifvtex.sty
Package: ifvtex 2019/10/25 v1.7 ifvtex legacy package. Use iftex instead.

(/usr/share/texlive/texmf-dist/tex/generic/iftex/iftex.sty
Package: iftex 2019/11/07 v1.0c TeX engine tests
))
\Gm@cnth=\count175
\Gm@cntv=\count176
\c@Gm@tempcnt=\count177
\Gm@bindingoffset=\dimen135
\Gm@wd@mp=\dimen136
\Gm@odd@mp=\dimen137
\Gm@even@mp=\dimen138
\Gm@layoutwidth=\dimen139
\Gm@layoutheight=\dimen140
\Gm@layouthoffset=\dimen141
\Gm@layoutvoffset=\dimen142
\Gm@dimlist=\toks17
)
(/usr/share/texlive/texmf-dist/tex/latex/graphics/graphicx.sty
Package: graphicx 2019/11/30 v1.2a Enhanced LaTeX Graphics (DPC,SPQR)

(/usr/share/texlive/texmf-dist/tex/latex/graphics/graphics.sty
Package: graphics 2019/11/30 v1.4a Standard LaTeX Graphics (DPC,SPQR)

(/usr/share/texlive/texmf-dist/tex/latex/graphics/trig.sty
Package: trig 2016/01/03 v1.10 sin cos tan (DPC)
)
(/usr/share/texlive/texmf-dist/tex/latex/graphics-cfg/graphics.cfg
File: graphics.cfg 2016/06/04 v1.11 sample graphics configuration
)
Package graphics Info: Driver file: pdftex.def on input line 105.

(/usr/share/texlive/texmf-dist/tex/latex/graphics-def/pdftex.def
File: pdftex.def 2018/01/08 v1.0l Graphics/color driver for pdftex
))
\Gin@req@height=\dimen143
\Gin@req@width=\dimen144
)
(/usr/share/texlive/texmf-dist/tex/latex/l3backend/l3backend-pdfmode.def
File: l3backend-pdfmode.def 2020-02-03 L3 backend support: PDF mode
\l__kernel_color_stack_int=\count178
\l__pdf_internal_box=\box45
)
(./Draft.aux)
\openout1 = `Draft.aux'.

LaTeX Font Info:    Checking defaults for OML/cmm/m/it on input line 10.
LaTeX Font Info:    ... okay on input line 10.
LaTeX Font Info:    Checking defaults for OMS/cmsy/m/n on input line 10.
LaTeX Font Info:    ... okay on input line 10.
LaTeX Font Info:    Checking defaults for OT1/cmr/m/n on input line 10.
LaTeX Font Info:    ... okay on input line 10.
LaTeX Font Info:    Checking defaults for T1/cmr/m/n on input line 10.
LaTeX Font Info:    ... okay on input line 10.
LaTeX Font Info:    Checking defaults for TS1/cmr/m/n on input line 10.
LaTeX Font Info:    ... okay on input line 10.
LaTeX Font Info:    Checking defaults for OMX/cmex/m/n on input line 10.
LaTeX Font Info:    ... okay on input line 10.
LaTeX Font Info:    Checking defaults for U/cmr/m/n on input line 10.
LaTeX Font Info:    ... okay on input line 10.

*geometry* driver: auto-detecting
*geometry* detected driver: pdftex
*geometry* verbose mode - [ preamble ] result:
* driver: pdftex
* paper: a4paper
* layout: <same size as paper>
* layoutoffset:(h,v)=(0.0pt,0.0pt)
* modes: 
* h-part:(L,W,R)=(71.1319pt, 455.24408pt, 71.1319pt)
* v-part:(T,H,B)=(71.13188pt, 702.78308pt, 71.13188pt)
* \paperwidth=597.50787pt
* \paperheight=845.04684pt
* \textwidth=455.24408pt
* \textheight=702.78308pt
* \oddsidemargin=-1.13809pt
* \evensidemargin=-1.13809pt
* \topmargin=-38.1381pt
* \headheight=12.0pt
* \headsep=25.0pt
* \topskip=11.0pt
* \footskip=30.0pt
* \marginparwidth=59.0pt
* \marginparsep=10.0pt
* \columnsep=10.0pt
* \skip\footins=10.0pt plus 4.0pt minus 2.0pt
* \hoffset=0.0pt
* \voffset=0.0pt
* \mag=1000
* \@twocolumnfalse
* \@twosidefalse
* \@mparswitchfalse
* \@reversemarginfalse
* (1in=72.27pt=25.4mm, 1cm=28.453pt)

(/usr/share/texlive/texmf-dist/tex/context/base/mkii/supp-pdf.mkii
[Loading MPS to PDF converter (version 2006.09.02).]
\scratchcounter=\count179
\scratchdimen=\dimen145
\scratchbox=\box46
\nofMPsegments=\count180
\nofMParguments=\count181
\everyMPshowfont=\toks18
\MPscratchCnt=\count182
\MPscratchDim=\dimen146
\MPnumerator=\count183
\makeMPintoPDFobject=\count184
\everyMPtoPDFconversion=\toks19
) (/usr/share/texlive/texmf-dist/tex/latex/epstopdf-pkg/epstopdf-base.sty
Package: epstopdf-base 2020-01-24 v2.11 Base part for package epstopdf
Package epstopdf-base Info: Redefining graphics rule for `.eps' on input line 4
85.

(/usr/share/texlive/texmf-dist/tex/latex/latexconfig/epstopdf-sys.cfg
File: epstopdf-sys.cfg 2010/07/13 v1.3 Configuration of (r)epstopdf for TeX Liv
e
))
LaTeX Font Info:    External font `cmex10' loaded for size
(Font)              <12> on input line 12.
LaTeX Font Info:    External font `cmex10' loaded for size
(Font)              <8> on input line 12.
LaTeX Font Info:    External font `cmex10' loaded for size
(Font)              <6> on input line 12.
<../Programs/Figures/hist_Cardinality.pdf, id=1, 462.52798pt x 346.89601pt>
File: ../Programs/Figures/hist_Cardinality.pdf Graphic file (type pdf)
<use ../Programs/Figures/hist_Cardinality.pdf>
Package pdftex.def Info: ../Programs/Figures/hist_Cardinality.pdf  used on inpu
t line 23.
(pdftex.def)             Requested size: 231.26341pt x 173.44757pt.

Underfull \hbox (badness 10000) in paragraph at lines 25--26

 []

LaTeX Font Info:    External font `cmex10' loaded for size
(Font)              <10.95> on input line 27.

Underfull \hbox (badness 10000) in paragraph at lines 27--36

 []


Underfull \hbox (badness 10000) in paragraph at lines 40--42

 []

<../Programs/Figures/Degree.pdf, id=2, 505.89pt x 216.81pt>
File: ../Programs/Figures/Degree.pdf Graphic file (type pdf)
<use ../Programs/Figures/Degree.pdf>
Package pdftex.def Info: ../Programs/Figures/Degree.pdf  used on input line 46.

(pdftex.def)             Requested size: 303.53633pt x 130.08699pt.
<../Programs/Figures/Degree.png, id=3, 597.73312pt x 845.40843pt>
File: ../Programs/Figures/Degree.png Graphic file (type png)
<use ../Programs/Figures/Degree.png>
Package pdftex.def Info: ../Programs/Figures/Degree.png  used on input line 47.

(pdftex.def)             Requested size: 298.86583pt x 422.70317pt.
[1

{/var/lib/texmf/fonts/map/pdftex/updmap/pdftex.map} <../Programs/Figures/hist_C
ardinality.pdf>]
<../Programs/Figures/Betweenness.pdf, id=40, 505.89pt x 216.81pt>
File: ../Programs/Figures/Betweenness.pdf Graphic file (type pdf)
<use ../Programs/Figures/Betweenness.pdf>
Package pdftex.def Info: ../Programs/Figures/Betweenness.pdf  used on input lin
e 50.
(pdftex.def)             Requested size: 303.53633pt x 130.08699pt.
<../Programs/Figures/Betweenness.png, id=41, 597.73312pt x 845.40843pt>
File: ../Programs/Figures/Betweenness.png Graphic file (type png)
<use ../Programs/Figures/Betweenness.png>
Package pdftex.def Info: ../Programs/Figures/Betweenness.png  used on input lin
e 51.
(pdftex.def)             Requested size: 298.86583pt x 422.70317pt.
 [2 <../Programs/Figures/Degree.pdf> <../Programs/Figures/Degree.png>]
<../Programs/Figures/Eigenvector.pdf, id=77, 505.89pt x 216.81pt>
File: ../Programs/Figures/Eigenvector.pdf Graphic file (type pdf)
<use ../Programs/Figures/Eigenvector.pdf>
Package pdftex.def Info: ../Programs/Figures/Eigenvector.pdf  used on input lin
e 54.
(pdftex.def)             Requested size: 303.53633pt x 130.08699pt.
<../Programs/Figures/Eigenvector.png, id=78, 597.73312pt x 845.40843pt>
File: ../Programs/Figures/Eigenvector.png Graphic file (type png)
<use ../Programs/Figures/Eigenvector.png>
Package pdftex.def Info: ../Programs/Figures/Eigenvector.png  used on input lin
e 55.
(pdftex.def)             Requested size: 298.86583pt x 422.70317pt.
 [3 <../Programs/Figures/Betweenness.pdf> <../Programs/Figures/Betweenness.png>
] [4 <../Programs/Figures/Eigenvector.pdf> <../Programs/Figures/Eigenvector.png
>] (./Draft.aux) ) 
Here is how much of TeX's memory you used:
 1734 strings out of 483140
 26215 string characters out of 5965152
 260617 words of memory out of 5000000
 16776 multiletter control sequences out of 15000+600000
 537201 words of font info for 40 fonts, out of 8000000 for 9000
 36 hyphenation exceptions out of 8191
 30i,6n,25p,182b,187s stack positions out of 5000i,500n,10000p,200000b,80000s
</usr/share/texlive/texmf-dist/fonts/type1/public/amsfonts/cm
/cmbx12.pfb></usr/share/texlive/texmf-dist/fonts/type1/public/amsfonts/cm/cmr10
.pfb></usr/share/texlive/texmf-dist/fonts/type1/public/amsfonts/cm/cmr12.pfb></
usr/share/texlive/texmf-dist/fonts/type1/public/amsfonts/cm/cmr17.pfb></usr/sha
re/texlive/texmf-dist/fonts/type1/public/amsfonts/cm/cmsy10.pfb>
Output written on Draft.pdf (4 pages, 1537753 bytes).
PDF statistics:
 171 PDF objects out of 1000 (max. 8388607)
 46 compressed objects within 1 object stream
 0 named destinations out of 1000 (max. 500000)
 36 words of extra memory for PDF output out of 10000 (max. 10000000)

