This is pdfTeX, Version 3.141592653-2.6-1.40.22 (TeX Live 2022/dev/Debian) (preloaded format=pdflatex 2023.7.7)  30 NOV 2023 13:06
entering extended mode
 restricted \write18 enabled.
 %&-line parsing enabled.
**Draft.tex
(./Draft.tex
LaTeX2e <2021-11-15> patch level 1
L3 programming layer <2022-01-21>
(/usr/share/texlive/texmf-dist/tex/latex/base/article.cls
Document Class: article 2021/10/04 v1.4n Standard LaTeX document class
(/usr/share/texlive/texmf-dist/tex/latex/base/size11.clo
File: size11.clo 2021/10/04 v1.4n Standard LaTeX file (size option)
)
\c@part=\count185
\c@section=\count186
\c@subsection=\count187
\c@subsubsection=\count188
\c@paragraph=\count189
\c@subparagraph=\count190
\c@figure=\count191
\c@table=\count192
\abovecaptionskip=\skip47
\belowcaptionskip=\skip48
\bibindent=\dimen138
)
(/usr/share/texlive/texmf-dist/tex/latex/base/inputenc.sty
Package: inputenc 2021/02/14 v1.3d Input encoding file
\inpenc@prehook=\toks16
\inpenc@posthook=\toks17
)
(/usr/share/texlive/texmf-dist/tex/latex/geometry/geometry.sty
Package: geometry 2020/01/02 v5.9 Page Geometry

(/usr/share/texlive/texmf-dist/tex/latex/graphics/keyval.sty
Package: keyval 2014/10/28 v1.15 key=value parser (DPC)
\KV@toks@=\toks18
)
(/usr/share/texlive/texmf-dist/tex/generic/iftex/ifvtex.sty
Package: ifvtex 2019/10/25 v1.7 ifvtex legacy package. Use iftex instead.

(/usr/share/texlive/texmf-dist/tex/generic/iftex/iftex.sty
Package: iftex 2020/03/06 v1.0d TeX engine tests
))
\Gm@cnth=\count193
\Gm@cntv=\count194
\c@Gm@tempcnt=\count195
\Gm@bindingoffset=\dimen139
\Gm@wd@mp=\dimen140
\Gm@odd@mp=\dimen141
\Gm@even@mp=\dimen142
\Gm@layoutwidth=\dimen143
\Gm@layoutheight=\dimen144
\Gm@layouthoffset=\dimen145
\Gm@layoutvoffset=\dimen146
\Gm@dimlist=\toks19
)
(/usr/share/texlive/texmf-dist/tex/latex/graphics/graphicx.sty
Package: graphicx 2021/09/16 v1.2d Enhanced LaTeX Graphics (DPC,SPQR)

(/usr/share/texlive/texmf-dist/tex/latex/graphics/graphics.sty
Package: graphics 2021/03/04 v1.4d Standard LaTeX Graphics (DPC,SPQR)

(/usr/share/texlive/texmf-dist/tex/latex/graphics/trig.sty
Package: trig 2021/08/11 v1.11 sin cos tan (DPC)
)
(/usr/share/texlive/texmf-dist/tex/latex/graphics-cfg/graphics.cfg
File: graphics.cfg 2016/06/04 v1.11 sample graphics configuration
)
Package graphics Info: Driver file: pdftex.def on input line 107.

(/usr/share/texlive/texmf-dist/tex/latex/graphics-def/pdftex.def
File: pdftex.def 2020/10/05 v1.2a Graphics/color driver for pdftex
))
\Gin@req@height=\dimen147
\Gin@req@width=\dimen148
)
(/usr/share/texlive/texmf-dist/tex/latex/amsfonts/amssymb.sty
Package: amssymb 2013/01/14 v3.01 AMS font symbols

(/usr/share/texlive/texmf-dist/tex/latex/amsfonts/amsfonts.sty
Package: amsfonts 2013/01/14 v3.01 Basic AMSFonts support
\@emptytoks=\toks20
\symAMSa=\mathgroup4
\symAMSb=\mathgroup5
LaTeX Font Info:    Redeclaring math symbol \hbar on input line 98.
LaTeX Font Info:    Overwriting math alphabet `\mathfrak' in version `bold'
(Font)                  U/euf/m/n --> U/euf/b/n on input line 106.
))
(/usr/share/texlive/texmf-dist/tex/latex/booktabs/booktabs.sty
Package: booktabs 2020/01/12 v1.61803398 Publication quality tables
\heavyrulewidth=\dimen149
\lightrulewidth=\dimen150
\cmidrulewidth=\dimen151
\belowrulesep=\dimen152
\belowbottomsep=\dimen153
\aboverulesep=\dimen154
\abovetopsep=\dimen155
\cmidrulesep=\dimen156
\cmidrulekern=\dimen157
\defaultaddspace=\dimen158
\@cmidla=\count196
\@cmidlb=\count197
\@aboverulesep=\dimen159
\@belowrulesep=\dimen160
\@thisruleclass=\count198
\@lastruleclass=\count199
\@thisrulewidth=\dimen161
)
(/usr/share/texlive/texmf-dist/tex/latex/tools/longtable.sty
Package: longtable 2021-09-01 v4.17 Multi-page Table package (DPC)
\LTleft=\skip49
\LTright=\skip50
\LTpre=\skip51
\LTpost=\skip52
\LTchunksize=\count266
\LTcapwidth=\dimen162
\LT@head=\box50
\LT@firsthead=\box51
\LT@foot=\box52
\LT@lastfoot=\box53
\LT@gbox=\box54
\LT@cols=\count267
\LT@rows=\count268
\c@LT@tables=\count269
\c@LT@chunks=\count270
\LT@p@ftn=\toks21
)
(/usr/share/texlive/texmf-dist/tex/latex/makecell/makecell.sty
Package: makecell 2009/08/03 V0.1e Managing of Tab Column Heads and Cells

(/usr/share/texlive/texmf-dist/tex/latex/tools/array.sty
Package: array 2021/10/04 v2.5f Tabular extension package (FMi)
\col@sep=\dimen163
\ar@mcellbox=\box55
\extrarowheight=\dimen164
\NC@list=\toks22
\extratabsurround=\skip53
\backup@length=\skip54
\ar@cellbox=\box56
)
\rotheadsize=\dimen165
\c@nlinenum=\count271
\TeXr@lab=\toks23
)
(/usr/share/texlive/texmf-dist/tex/latex/multirow/multirow.sty
Package: multirow 2021/03/15 v2.8 Span multiple rows of a table
\multirow@colwidth=\skip55
\multirow@cntb=\count272
\multirow@dima=\skip56
\bigstrutjot=\dimen166
)
(/usr/share/texlive/texmf-dist/tex/latex/l3backend/l3backend-pdftex.def
File: l3backend-pdftex.def 2022-01-12 L3 backend support: PDF output (pdfTeX)
\l__color_backend_stack_int=\count273
\l__pdf_internal_box=\box57
)
(./Draft.aux)
\openout1 = `Draft.aux'.

LaTeX Font Info:    Checking defaults for OML/cmm/m/it on input line 15.
LaTeX Font Info:    ... okay on input line 15.
LaTeX Font Info:    Checking defaults for OMS/cmsy/m/n on input line 15.
LaTeX Font Info:    ... okay on input line 15.
LaTeX Font Info:    Checking defaults for OT1/cmr/m/n on input line 15.
LaTeX Font Info:    ... okay on input line 15.
LaTeX Font Info:    Checking defaults for T1/cmr/m/n on input line 15.
LaTeX Font Info:    ... okay on input line 15.
LaTeX Font Info:    Checking defaults for TS1/cmr/m/n on input line 15.
LaTeX Font Info:    ... okay on input line 15.
LaTeX Font Info:    Checking defaults for OMX/cmex/m/n on input line 15.
LaTeX Font Info:    ... okay on input line 15.
LaTeX Font Info:    Checking defaults for U/cmr/m/n on input line 15.
LaTeX Font Info:    ... okay on input line 15.

*geometry* driver: auto-detecting
*geometry* detected driver: pdftex
*geometry* verbose mode - [ preamble ] result:
* driver: pdftex
* paper: a4paper
* layout: <same size as paper>
* layoutoffset:(h,v)=(0.0pt,0.0pt)
* modes: 
* h-part:(L,W,R)=(28.45276pt, 540.60236pt, 28.45276pt)
* v-part:(T,H,B)=(71.13188pt, 702.78308pt, 71.13188pt)
* \paperwidth=597.50787pt
* \paperheight=845.04684pt
* \textwidth=540.60236pt
* \textheight=702.78308pt
* \oddsidemargin=-43.81723pt
* \evensidemargin=-43.81723pt
* \topmargin=-38.1381pt
* \headheight=12.0pt
* \headsep=25.0pt
* \topskip=11.0pt
* \footskip=30.0pt
* \marginparwidth=59.0pt
* \marginparsep=10.0pt
* \columnsep=10.0pt
* \skip\footins=10.0pt plus 4.0pt minus 2.0pt
* \hoffset=0.0pt
* \voffset=0.0pt
* \mag=1000
* \@twocolumnfalse
* \@twosidefalse
* \@mparswitchfalse
* \@reversemarginfalse
* (1in=72.27pt=25.4mm, 1cm=28.453pt)

(/usr/share/texlive/texmf-dist/tex/context/base/mkii/supp-pdf.mkii
[Loading MPS to PDF converter (version 2006.09.02).]
\scratchcounter=\count274
\scratchdimen=\dimen167
\scratchbox=\box58
\nofMPsegments=\count275
\nofMParguments=\count276
\everyMPshowfont=\toks24
\MPscratchCnt=\count277
\MPscratchDim=\dimen168
\MPnumerator=\count278
\makeMPintoPDFobject=\count279
\everyMPtoPDFconversion=\toks25
) (/usr/share/texlive/texmf-dist/tex/latex/epstopdf-pkg/epstopdf-base.sty
Package: epstopdf-base 2020-01-24 v2.11 Base part for package epstopdf
Package epstopdf-base Info: Redefining graphics rule for `.eps' on input line 4
85.

(/usr/share/texlive/texmf-dist/tex/latex/latexconfig/epstopdf-sys.cfg
File: epstopdf-sys.cfg 2010/07/13 v1.3 Configuration of (r)epstopdf for TeX Liv
e
))
LaTeX Font Info:    Trying to load font information for U+msa on input line 17.


(/usr/share/texlive/texmf-dist/tex/latex/amsfonts/umsa.fd
File: umsa.fd 2013/01/14 v3.01 AMS symbols A
)
LaTeX Font Info:    Trying to load font information for U+msb on input line 17.


(/usr/share/texlive/texmf-dist/tex/latex/amsfonts/umsb.fd
File: umsb.fd 2013/01/14 v3.01 AMS symbols B
)
Underfull \hbox (badness 10000) in paragraph at lines 23--28

 []


Underfull \hbox (badness 10000) in paragraph at lines 29--30

 []


Underfull \hbox (badness 10000) in paragraph at lines 44--46

 []

[1

{/var/lib/texmf/fonts/map/pdftex/updmap/pdftex.map}] [2]
Underfull \hbox (badness 10000) in paragraph at lines 154--163

 []

</home/azaiez/Documents/Cours/These/European Commission/Programs/Figures//compa
nies/correlation_centrality.pdf, id=15, 578.16pt x 578.16pt>
File: /home/azaiez/Documents/Cours/These/European Commission/Programs/Figures//
companies/correlation_centrality.pdf Graphic file (type pdf)
<use /home/azaiez/Documents/Cours/These/European Commission/Programs/Figures//c
ompanies/correlation_centrality.pdf>
Package pdftex.def Info: /home/azaiez/Documents/Cours/These/European Commission
/Programs/Figures//companies/correlation_centrality.pdf  used on input line 172
.
(pdftex.def)             Requested size: 173.44933pt x 173.44933pt.

Underfull \hbox (badness 10000) in paragraph at lines 172--174

 []

[3]
</home/azaiez/Documents/Cours/These/European Commission/Programs/Figures//compa
nies/correlation_financials_lobbying_Strength.pdf, id=20, 578.16pt x 578.16pt>
File: /home/azaiez/Documents/Cours/These/European Commission/Programs/Figures//
companies/correlation_financials_lobbying_Strength.pdf Graphic file (type pdf)
<use /home/azaiez/Documents/Cours/These/European Commission/Programs/Figures//c
ompanies/correlation_financials_lobbying_Strength.pdf>
Package pdftex.def Info: /home/azaiez/Documents/Cours/These/European Commission
/Programs/Figures//companies/correlation_financials_lobbying_Strength.pdf  used
 on input line 175.
(pdftex.def)             Requested size: 173.44933pt x 173.44933pt.
</home/azaiez/Documents/Cours/These/European Commission/Programs/Figures//compa
nies/correlation_country_sector.pdf, id=21, 578.16pt x 578.16pt>
File: /home/azaiez/Documents/Cours/These/European Commission/Programs/Figures//
companies/correlation_country_sector.pdf Graphic file (type pdf)
<use /home/azaiez/Documents/Cours/These/European Commission/Programs/Figures//c
ompanies/correlation_country_sector.pdf>
Package pdftex.def Info: /home/azaiez/Documents/Cours/These/European Commission
/Programs/Figures//companies/correlation_country_sector.pdf  used on input line
 181.
(pdftex.def)             Requested size: 289.07928pt x 289.07928pt.
 [4 </home/azaiez/Documents/Cours/These/European Commission/Programs/Figures//c
ompanies/correlation_centrality.pdf> </home/azaiez/Documents/Cours/These/Europe
an Commission/Programs/Figures//companies/correlation_financials_lobbying_Stren
gth.pdf>]
</home/azaiez/Documents/Cours/These/European Commission/Programs/Figures//compa
nies/correlation_country_level.pdf, id=100, 578.16pt x 578.16pt>
File: /home/azaiez/Documents/Cours/These/European Commission/Programs/Figures//
companies/correlation_country_level.pdf Graphic file (type pdf)
<use /home/azaiez/Documents/Cours/These/European Commission/Programs/Figures//c
ompanies/correlation_country_level.pdf>
Package pdftex.def Info: /home/azaiez/Documents/Cours/These/European Commission
/Programs/Figures//companies/correlation_country_level.pdf  used on input line 
187.
(pdftex.def)             Requested size: 289.07928pt x 289.07928pt.
</home/azaiez/Documents/Cours/These/European Commission/Programs/Figures//compa
nies/correlation_sector_level.pdf, id=101, 1076.10025pt x 496.49492pt>
File: /home/azaiez/Documents/Cours/These/European Commission/Programs/Figures//
companies/correlation_sector_level.pdf Graphic file (type pdf)
<use /home/azaiez/Documents/Cours/These/European Commission/Programs/Figures//c
ompanies/correlation_sector_level.pdf>
Package pdftex.def Info: /home/azaiez/Documents/Cours/These/European Commission
/Programs/Figures//companies/correlation_sector_level.pdf  used on input line 1
88.
(pdftex.def)             Requested size: 538.04881pt x 248.24684pt.
 [5 </home/azaiez/Documents/Cours/These/European Commission/Programs/Figures//c
ompanies/correlation_country_sector.pdf> </home/azaiez/Documents/Cours/These/Eu
ropean Commission/Programs/Figures//companies/correlation_country_level.pdf>]
</home/azaiez/Documents/Cours/These/European Commission/Programs/Figures//compa
nies/correlation_country_continuous.pdf, id=227, 578.16pt x 578.16pt>
File: /home/azaiez/Documents/Cours/These/European Commission/Programs/Figures//
companies/correlation_country_continuous.pdf Graphic file (type pdf)
<use /home/azaiez/Documents/Cours/These/European Commission/Programs/Figures//c
ompanies/correlation_country_continuous.pdf>
Package pdftex.def Info: /home/azaiez/Documents/Cours/These/European Commission
/Programs/Figures//companies/correlation_country_continuous.pdf  used on input 
line 194.
(pdftex.def)             Requested size: 289.07928pt x 289.07928pt.
</home/azaiez/Documents/Cours/These/European Commission/Programs/Figures//compa
nies/correlation_sector_continuous.pdf, id=228, 917.82903pt x 612.8496pt>
File: /home/azaiez/Documents/Cours/These/European Commission/Programs/Figures//
companies/correlation_sector_continuous.pdf Graphic file (type pdf)
<use /home/azaiez/Documents/Cours/These/European Commission/Programs/Figures//c
ompanies/correlation_sector_continuous.pdf>
Package pdftex.def Info: /home/azaiez/Documents/Cours/These/European Commission
/Programs/Figures//companies/correlation_sector_continuous.pdf  used on input l
ine 195.
(pdftex.def)             Requested size: 458.91339pt x 306.42404pt.
</home/azaiez/Documents/Cours/These/European Commission/Programs/Figures//compa
nies/correlation_level_continuous.pdf, id=229, 578.16pt x 578.16pt>
File: /home/azaiez/Documents/Cours/These/European Commission/Programs/Figures//
companies/correlation_level_continuous.pdf Graphic file (type pdf)
<use /home/azaiez/Documents/Cours/These/European Commission/Programs/Figures//c
ompanies/correlation_level_continuous.pdf>
Package pdftex.def Info: /home/azaiez/Documents/Cours/These/European Commission
/Programs/Figures//companies/correlation_level_continuous.pdf  used on input li
ne 196.
(pdftex.def)             Requested size: 231.2599pt x 231.2599pt.
 [6 </home/azaiez/Documents/Cours/These/European Commission/Programs/Figures//c
ompanies/correlation_sector_level.pdf> </home/azaiez/Documents/Cours/These/Euro
pean Commission/Programs/Figures//companies/correlation_country_continuous.pdf>
] [7 </home/azaiez/Documents/Cours/These/European Commission/Programs/Figures//
companies/correlation_sector_continuous.pdf> </home/azaiez/Documents/Cours/Thes
e/European Commission/Programs/Figures//companies/correlation_level_continuous.
pdf>]
</home/azaiez/Documents/Cours/These/European Commission/Programs/Figures//compa
nies/hist_btw.pdf, id=455, 578.16pt x 578.16pt>
File: /home/azaiez/Documents/Cours/These/European Commission/Programs/Figures//
companies/hist_btw.pdf Graphic file (type pdf)
<use /home/azaiez/Documents/Cours/These/European Commission/Programs/Figures//c
ompanies/hist_btw.pdf>
Package pdftex.def Info: /home/azaiez/Documents/Cours/These/European Commission
/Programs/Figures//companies/hist_btw.pdf  used on input line 218.
(pdftex.def)             Requested size: 173.44933pt x 173.44933pt.
</home/azaiez/Documents/Cours/These/European Commission/Programs/Figures//compa
nies/hist_cls.pdf, id=456, 578.16pt x 578.16pt>
File: /home/azaiez/Documents/Cours/These/European Commission/Programs/Figures//
companies/hist_cls.pdf Graphic file (type pdf)
<use /home/azaiez/Documents/Cours/These/European Commission/Programs/Figures//c
ompanies/hist_cls.pdf>
Package pdftex.def Info: /home/azaiez/Documents/Cours/These/European Commission
/Programs/Figures//companies/hist_cls.pdf  used on input line 218.
(pdftex.def)             Requested size: 173.44933pt x 173.44933pt.
</home/azaiez/Documents/Cours/These/European Commission/Programs/Figures//compa
nies/correlation_financials_lobbying_Strength_log.pdf, id=457, 578.16pt x 578.1
6pt>
File: /home/azaiez/Documents/Cours/These/European Commission/Programs/Figures//
companies/correlation_financials_lobbying_Strength_log.pdf Graphic file (type p
df)
<use /home/azaiez/Documents/Cours/These/European Commission/Programs/Figures//c
ompanies/correlation_financials_lobbying_Strength_log.pdf>
Package pdftex.def Info: /home/azaiez/Documents/Cours/These/European Commission
/Programs/Figures//companies/correlation_financials_lobbying_Strength_log.pdf  
used on input line 222.
(pdftex.def)             Requested size: 173.44933pt x 173.44933pt.
</home/azaiez/Documents/Cours/These/European Commission/Programs/Figures//compa
nies/correlation_financials_lobbying_Strength_yeo.pdf, id=458, 578.16pt x 578.1
6pt>
File: /home/azaiez/Documents/Cours/These/European Commission/Programs/Figures//
companies/correlation_financials_lobbying_Strength_yeo.pdf Graphic file (type p
df)
<use /home/azaiez/Documents/Cours/These/European Commission/Programs/Figures//c
ompanies/correlation_financials_lobbying_Strength_yeo.pdf>
Package pdftex.def Info: /home/azaiez/Documents/Cours/These/European Commission
/Programs/Figures//companies/correlation_financials_lobbying_Strength_yeo.pdf  
used on input line 225.
(pdftex.def)             Requested size: 173.44933pt x 173.44933pt.
 [8 </home/azaiez/Documents/Cours/These/European Commission/Programs/Figures//c
ompanies/hist_btw.pdf> </home/azaiez/Documents/Cours/These/European Commission/
Programs/Figures//companies/hist_cls.pdf> </home/azaiez/Documents/Cours/These/E
uropean Commission/Programs/Figures//companies/correlation_financials_lobbying_
Strength_log.pdf>]
Overfull \hbox (12.25156pt too wide) in paragraph at lines 239--251
\OT1/cmr/m/n/10.95 DOM', 'IRE-LAND'], 'South Eu-rope': ['ITALY', 'SPAIN', 'POR-
TU-GAL', 'GREECE', 'CROA-TIA', 'CYPRUS'],
 []


Overfull \hbox (3.03423pt too wide) in paragraph at lines 239--251
\OT1/cmr/m/n/10.95 'East Eu-rope': ['CZECH RE-PUB-LIC', 'POLAND', 'RO-MA-NIA', 
'HUN-GARY', 'BUL-GARIA', 'SLO-VAKIA',
 []


Overfull \hbox (7.97816pt too wide) in paragraph at lines 239--251
\OT1/cmr/m/n/10.95 'KOSOVO'], 'West Eu-rope': ['AUS-TRIA', 'GER-MANY', 'SWITZER
-LAND', 'BEL-GIUM', 'LUX-EM-BOURG',
 []

[9 </home/azaiez/Documents/Cours/These/European Commission/Programs/Figures//co
mpanies/correlation_financials_lobbying_Strength_yeo.pdf>] [10] [11] [12]
[13] [14]
Overfull \hbox (17.03131pt too wide) in alignment at lines 494--581
 [] [] [] [] [] [] [] 
 []

[15] [16] [17] [18]
Underfull \hbox (badness 10000) in paragraph at lines 764--766

 []

[19]
Overfull \hbox (17.03131pt too wide) in alignment at lines 781--854
 [] [] [] [] [] [] [] 
 []

[20] [21] (./Draft.aux) ) 
Here is how much of TeX's memory you used:
 2984 strings out of 480204
 53866 string characters out of 5895011
 382707 words of memory out of 5000000
 20909 multiletter control sequences out of 15000+600000
 477312 words of font info for 58 fonts, out of 8000000 for 9000
 36 hyphenation exceptions out of 8191
 55i,7n,62p,369b,250s stack positions out of 5000i,500n,10000p,200000b,80000s
 </home/azaiez/.texlive2021/texmf-var/fonts/pk/ljfour/
jknappen/ec/tcrm1095.600pk></usr/share/texlive/texmf-dist/fonts/type1/public/am
sfonts/cm/cmbx10.pfb></usr/share/texlive/texmf-dist/fonts/type1/public/amsfonts
/cm/cmbx12.pfb></usr/share/texlive/texmf-dist/fonts/type1/public/amsfonts/cm/cm
mi10.pfb></usr/share/texlive/texmf-dist/fonts/type1/public/amsfonts/cm/cmmi8.pf
b></usr/share/texlive/texmf-dist/fonts/type1/public/amsfonts/cm/cmr10.pfb></usr
/share/texlive/texmf-dist/fonts/type1/public/amsfonts/cm/cmr12.pfb></usr/share/
texlive/texmf-dist/fonts/type1/public/amsfonts/cm/cmr17.pfb></usr/share/texlive
/texmf-dist/fonts/type1/public/amsfonts/cm/cmr8.pfb></usr/share/texlive/texmf-d
ist/fonts/type1/public/amsfonts/cm/cmsy10.pfb></usr/share/texlive/texmf-dist/fo
nts/type1/public/amsfonts/cm/cmsy8.pfb></usr/share/texlive/texmf-dist/fonts/typ
e1/public/amsfonts/symbols/msbm10.pfb>
Output written on Draft.pdf (21 pages, 357246 bytes).
PDF statistics:
 685 PDF objects out of 1000 (max. 8388607)
 155 compressed objects within 2 object streams
 0 named destinations out of 1000 (max. 500000)
 61 words of extra memory for PDF output out of 10000 (max. 10000000)

